Arguments: 
  C:\Program Files\nodejs\node.exe C:\Program Files (x86)\Yarn\bin\yarn.js add cors

PATH: 
  C:\ProgramData\DockerDesktop\version-bin;C:\Program Files\Docker\Docker\Resources\bin;C:\Windows\system32;C:\Windows;C:\Windows\System32\Wbem;C:\Windows\System32\WindowsPowerShell\v1.0\;C:\Windows\System32\OpenSSH\;C:\Program Files\Git\cmd;C:\Program Files\Git\bin;C:\Program Files\nodejs\;C:\Program Files (x86)\Yarn\bin\;C:\Users\Hugo Rabock\AppData\Local\Microsoft\WindowsApps;E:\visual studio\Microsoft VS Code\bin;C:\Users\Hugo Rabock\AppData\Roaming\npm;C:\Program Files\Cmander;C:\comands;C:\Users\Hugo Rabock\AppData\Local\Yarn\bin

Yarn version: 
  1.19.1

Node version: 
  10.16.3

Platform: 
  win32 x64

Trace: 
  Error: EPERM: operation not permitted, unlink 'E:\projetos\air_cnc\backend\node_modules\.bin\nodemon'

npm manifest: 
  {
    "name": "air_cnc",
    "version": "1.0.0",
    "description": "",
    "main": "index.js",
    "scripts": {
      "test": "echo \"Error: no test specified\" && exit 1",
      "start": "nodemon -L src/index.js "
    },
    "keywords": [],
    "author": "",
    "license": "ISC",
    "devDependencies": {
      "nodemon": "^1.19.4"
    },
    "dependencies": {
      "body-parser": "^1.19.0",
      "express": "^4.17.1",
      "mongoose": "^5.7.7",
      "multer": "^1.4.2"
    }
  }

yarn manifest: 
  No manifest

Lockfile: 
  No lockfile
